{"contracts/CSToken.sol":{"l":{"5":2,"8":0,"11":0,"34":2,"35":2,"36":2,"37":2,"38":2,"39":2,"43":35,"44":35,"45":35,"46":35,"47":35,"50":0,"51":0,"52":0,"53":0,"58":87,"59":87,"64":0,"65":0,"66":0,"67":0,"72":86,"73":85,"74":85,"75":85,"76":85,"77":85,"78":85,"79":85,"83":0},"path":"/var/www/html/MyBitToken/NewToken/contracts/CSToken.sol","s":{"1":2,"2":0,"3":0,"4":2,"5":2,"6":2,"7":2,"8":2,"9":2,"10":35,"11":0,"12":35,"13":0,"14":35,"15":35,"16":35,"17":0,"18":0,"19":0,"20":0,"21":87,"22":87,"23":0,"24":0,"25":0,"26":86,"27":1,"28":85,"29":0,"30":85,"31":0,"32":85,"33":85,"34":85,"35":85,"36":85,"37":0},"b":{"1":[0,0],"2":[0,35],"3":[0,35],"4":[0,0],"5":[1,85],"6":[0,85],"7":[0,85]},"f":{"1":2,"2":0,"3":0,"4":2,"5":35,"6":0,"7":87,"8":0,"9":86,"10":0},"fnMap":{"1":{"name":"owned","line":4,"loc":{"start":{"line":4,"column":2},"end":{"line":4,"column":18}}},"2":{"name":"changeOwner","line":7,"loc":{"start":{"line":7,"column":2},"end":{"line":7,"column":50}}},"3":{"name":"onlyowner","line":10,"loc":{"start":{"line":10,"column":2},"end":{"line":10,"column":22}}},"4":{"name":"CSToken","line":28,"loc":{"start":{"line":28,"column":2},"end":{"line":33,"column":5}}},"5":{"name":"transfer","line":42,"loc":{"start":{"line":42,"column":2},"end":{"line":42,"column":48}}},"6":{"name":"mintToken","line":49,"loc":{"start":{"line":49,"column":2},"end":{"line":49,"column":68}}},"7":{"name":"approve","line":56,"loc":{"start":{"line":56,"column":2},"end":{"line":57,"column":26}}},"8":{"name":"approveAndCall","line":62,"loc":{"start":{"line":62,"column":2},"end":{"line":63,"column":26}}},"9":{"name":"transferFrom","line":71,"loc":{"start":{"line":71,"column":2},"end":{"line":71,"column":90}}},"10":{"name":null,"line":82,"loc":{"start":{"line":82,"column":2},"end":{"line":82,"column":13}}}},"statementMap":{"1":{"start":{"line":5,"column":4},"end":{"line":5,"column":21}},"2":{"start":{"line":8,"column":4},"end":{"line":8,"column":19}},"3":{"start":{"line":11,"column":4},"end":{"line":11,"column":28}},"4":{"start":{"line":34,"column":4},"end":{"line":34,"column":21}},"5":{"start":{"line":35,"column":4},"end":{"line":35,"column":40}},"6":{"start":{"line":36,"column":4},"end":{"line":36,"column":30}},"7":{"start":{"line":37,"column":4},"end":{"line":37,"column":19}},"8":{"start":{"line":38,"column":4},"end":{"line":38,"column":23}},"9":{"start":{"line":39,"column":4},"end":{"line":39,"column":26}},"10":{"start":{"line":43,"column":4},"end":{"line":43,"column":45}},"11":{"start":{"line":43,"column":40},"end":{"line":43,"column":45}},"12":{"start":{"line":44,"column":4},"end":{"line":44,"column":55}},"13":{"start":{"line":44,"column":50},"end":{"line":44,"column":55}},"14":{"start":{"line":45,"column":4},"end":{"line":45,"column":34}},"15":{"start":{"line":46,"column":4},"end":{"line":46,"column":27}},"16":{"start":{"line":47,"column":4},"end":{"line":47,"column":36}},"17":{"start":{"line":50,"column":4},"end":{"line":50,"column":36}},"18":{"start":{"line":51,"column":4},"end":{"line":51,"column":30}},"19":{"start":{"line":52,"column":4},"end":{"line":52,"column":35}},"20":{"start":{"line":53,"column":4},"end":{"line":53,"column":40}},"21":{"start":{"line":58,"column":4},"end":{"line":58,"column":43}},"22":{"start":{"line":59,"column":4},"end":{"line":59,"column":15}},"23":{"start":{"line":64,"column":4},"end":{"line":64,"column":52}},"24":{"start":{"line":65,"column":4},"end":{"line":65,"column":2811}},"25":{"start":{"line":67,"column":6},"end":{"line":67,"column":17}},"26":{"start":{"line":72,"column":4},"end":{"line":72,"column":40}},"27":{"start":{"line":72,"column":35},"end":{"line":72,"column":40}},"28":{"start":{"line":73,"column":4},"end":{"line":73,"column":55}},"29":{"start":{"line":73,"column":50},"end":{"line":73,"column":55}},"30":{"start":{"line":74,"column":4},"end":{"line":74,"column":52}},"31":{"start":{"line":74,"column":47},"end":{"line":74,"column":52}},"32":{"start":{"line":75,"column":4},"end":{"line":75,"column":29}},"33":{"start":{"line":76,"column":4},"end":{"line":76,"column":27}},"34":{"start":{"line":77,"column":4},"end":{"line":77,"column":41}},"35":{"start":{"line":78,"column":4},"end":{"line":78,"column":31}},"36":{"start":{"line":79,"column":4},"end":{"line":79,"column":15}},"37":{"start":{"line":83,"column":4},"end":{"line":83,"column":9}}},"branchMap":{"1":{"line":11,"type":"if","locations":[{"start":{"line":11,"column":4},"end":{"line":11,"column":4}},{"start":{"line":11,"column":4},"end":{"line":11,"column":4}}]},"2":{"line":43,"type":"if","locations":[{"start":{"line":43,"column":4},"end":{"line":43,"column":4}},{"start":{"line":43,"column":4},"end":{"line":43,"column":4}}]},"3":{"line":44,"type":"if","locations":[{"start":{"line":44,"column":4},"end":{"line":44,"column":4}},{"start":{"line":44,"column":4},"end":{"line":44,"column":4}}]},"4":{"line":65,"type":"if","locations":[{"start":{"line":65,"column":4},"end":{"line":65,"column":4}},{"start":{"line":65,"column":4},"end":{"line":65,"column":4}}]},"5":{"line":72,"type":"if","locations":[{"start":{"line":72,"column":4},"end":{"line":72,"column":4}},{"start":{"line":72,"column":4},"end":{"line":72,"column":4}}]},"6":{"line":73,"type":"if","locations":[{"start":{"line":73,"column":4},"end":{"line":73,"column":4}},{"start":{"line":73,"column":4},"end":{"line":73,"column":4}}]},"7":{"line":74,"type":"if","locations":[{"start":{"line":74,"column":4},"end":{"line":74,"column":4}},{"start":{"line":74,"column":4},"end":{"line":74,"column":4}}]}}},"contracts/ERC20.sol":{"l":{"46":2,"47":2,"48":2,"49":2,"50":2,"61":94,"62":93,"63":92,"64":92,"65":92,"75":7,"76":6,"77":5,"78":4,"79":4,"80":4,"90":5,"91":5,"92":5,"103":1,"104":1,"105":1,"106":1,"116":104,"117":103,"118":103,"119":103,"120":103,"130":4,"131":3,"132":3,"133":3,"134":3,"135":3,"145":118,"155":261,"165":6,"176":1},"path":"/var/www/html/MyBitToken/NewToken/contracts/ERC20.sol","s":{"1":2,"2":2,"3":2,"4":2,"5":2,"6":94,"7":93,"8":92,"9":92,"10":92,"11":7,"12":6,"13":5,"14":4,"15":4,"16":4,"17":5,"18":5,"19":5,"20":1,"21":1,"22":1,"23":1,"24":104,"25":103,"26":103,"27":103,"28":103,"29":4,"30":3,"31":3,"32":3,"33":3,"34":3,"35":118,"36":261,"37":6,"38":1},"b":{"1":[93,1],"2":[6,1]},"f":{"1":2,"2":94,"3":7,"4":5,"5":1,"6":104,"7":4,"8":118,"9":261,"10":6,"11":1},"fnMap":{"1":{"name":"ERC20","line":44,"loc":{"start":{"line":44,"column":4},"end":{"line":45,"column":12}}},"2":{"name":"transfer","line":58,"loc":{"start":{"line":58,"column":4},"end":{"line":60,"column":28}}},"3":{"name":"transferFrom","line":72,"loc":{"start":{"line":72,"column":4},"end":{"line":74,"column":28}}},"4":{"name":"approve","line":87,"loc":{"start":{"line":87,"column":4},"end":{"line":89,"column":28}}},"5":{"name":"approveAndCall","line":100,"loc":{"start":{"line":100,"column":4},"end":{"line":102,"column":28}}},"6":{"name":"burn","line":113,"loc":{"start":{"line":113,"column":4},"end":{"line":115,"column":28}}},"7":{"name":"burnFrom","line":127,"loc":{"start":{"line":127,"column":4},"end":{"line":129,"column":28}}},"8":{"name":"totalSupply","line":141,"loc":{"start":{"line":141,"column":4},"end":{"line":144,"column":32}}},"9":{"name":"balanceOf","line":151,"loc":{"start":{"line":151,"column":4},"end":{"line":154,"column":28}}},"10":{"name":"allowance","line":161,"loc":{"start":{"line":161,"column":4},"end":{"line":164,"column":30}}},"11":{"name":null,"line":173,"loc":{"start":{"line":173,"column":4},"end":{"line":175,"column":13}}}},"statementMap":{"1":{"start":{"line":46,"column":8},"end":{"line":46,"column":44}},"2":{"start":{"line":47,"column":8},"end":{"line":47,"column":30}},"3":{"start":{"line":48,"column":8},"end":{"line":48,"column":24}},"4":{"start":{"line":49,"column":8},"end":{"line":49,"column":31}},"5":{"start":{"line":50,"column":8},"end":{"line":50,"column":28}},"6":{"start":{"line":61,"column":8},"end":{"line":61,"column":33}},"7":{"start":{"line":62,"column":8},"end":{"line":62,"column":63}},"8":{"start":{"line":63,"column":8},"end":{"line":63,"column":49}},"9":{"start":{"line":64,"column":8},"end":{"line":64,"column":41}},"10":{"start":{"line":65,"column":8},"end":{"line":65,"column":19}},"11":{"start":{"line":75,"column":8},"end":{"line":75,"column":33}},"12":{"start":{"line":76,"column":8},"end":{"line":76,"column":53}},"13":{"start":{"line":77,"column":8},"end":{"line":77,"column":75}},"14":{"start":{"line":78,"column":8},"end":{"line":78,"column":49}},"15":{"start":{"line":79,"column":8},"end":{"line":79,"column":36}},"16":{"start":{"line":80,"column":8},"end":{"line":80,"column":19}},"17":{"start":{"line":90,"column":8},"end":{"line":90,"column":46}},"18":{"start":{"line":91,"column":8},"end":{"line":91,"column":46}},"19":{"start":{"line":92,"column":8},"end":{"line":92,"column":19}},"20":{"start":{"line":103,"column":8},"end":{"line":103,"column":46}},"21":{"start":{"line":104,"column":8},"end":{"line":104,"column":46}},"22":{"start":{"line":105,"column":8},"end":{"line":105,"column":39}},"23":{"start":{"line":106,"column":8},"end":{"line":106,"column":19}},"24":{"start":{"line":116,"column":8},"end":{"line":116,"column":63}},"25":{"start":{"line":117,"column":8},"end":{"line":117,"column":35}},"26":{"start":{"line":118,"column":8},"end":{"line":118,"column":35}},"27":{"start":{"line":119,"column":8},"end":{"line":119,"column":48}},"28":{"start":{"line":120,"column":8},"end":{"line":120,"column":19}},"29":{"start":{"line":130,"column":8},"end":{"line":130,"column":53}},"30":{"start":{"line":131,"column":8},"end":{"line":131,"column":75}},"31":{"start":{"line":132,"column":8},"end":{"line":132,"column":35}},"32":{"start":{"line":133,"column":8},"end":{"line":133,"column":30}},"33":{"start":{"line":134,"column":8},"end":{"line":134,"column":43}},"34":{"start":{"line":135,"column":8},"end":{"line":135,"column":19}},"35":{"start":{"line":145,"column":8},"end":{"line":145,"column":21}},"36":{"start":{"line":155,"column":8},"end":{"line":155,"column":37}},"37":{"start":{"line":165,"column":8},"end":{"line":165,"column":46}},"38":{"start":{"line":176,"column":8},"end":{"line":176,"column":15}}},"branchMap":{"1":{"line":61,"type":"if","locations":[{"start":{"line":61,"column":8},"end":{"line":61,"column":8}},{"start":{"line":61,"column":8},"end":{"line":61,"column":8}}]},"2":{"line":75,"type":"if","locations":[{"start":{"line":75,"column":8},"end":{"line":75,"column":8}},{"start":{"line":75,"column":8},"end":{"line":75,"column":8}}]}}},"contracts/ERC20Interface.sol":{"l":{},"path":"/var/www/html/MyBitToken/NewToken/contracts/ERC20Interface.sol","s":{},"b":{},"f":{},"fnMap":{},"statementMap":{},"branchMap":{}},"contracts/Math.sol":{"l":{"6":1,"7":1,"10":1,"11":1,"14":0,"15":0,"18":0,"19":0},"path":"/var/www/html/MyBitToken/NewToken/contracts/Math.sol","s":{"1":1,"2":1,"3":1,"4":1,"5":0,"6":0,"7":0,"8":0},"b":{"1":[1,0],"2":[1,0],"3":[0,0],"4":[0,0]},"f":{"1":1,"2":1,"3":0,"4":0},"fnMap":{"1":{"name":"add","line":5,"loc":{"start":{"line":5,"column":4},"end":{"line":5,"column":59}}},"2":{"name":"sub","line":9,"loc":{"start":{"line":9,"column":4},"end":{"line":9,"column":59}}},"3":{"name":"mul","line":13,"loc":{"start":{"line":13,"column":4},"end":{"line":13,"column":59}}},"4":{"name":"div","line":17,"loc":{"start":{"line":17,"column":4},"end":{"line":17,"column":59}}}},"statementMap":{"1":{"start":{"line":6,"column":8},"end":{"line":6,"column":16}},"2":{"start":{"line":7,"column":8},"end":{"line":7,"column":22}},"3":{"start":{"line":10,"column":8},"end":{"line":10,"column":22}},"4":{"start":{"line":11,"column":8},"end":{"line":11,"column":16}},"5":{"start":{"line":14,"column":8},"end":{"line":14,"column":16}},"6":{"start":{"line":15,"column":8},"end":{"line":15,"column":36}},"7":{"start":{"line":18,"column":8},"end":{"line":18,"column":21}},"8":{"start":{"line":19,"column":8},"end":{"line":19,"column":16}}},"branchMap":{"1":{"line":7,"type":"if","locations":[{"start":{"line":7,"column":8},"end":{"line":7,"column":8}},{"start":{"line":7,"column":8},"end":{"line":7,"column":8}}]},"2":{"line":10,"type":"if","locations":[{"start":{"line":10,"column":8},"end":{"line":10,"column":8}},{"start":{"line":10,"column":8},"end":{"line":10,"column":8}}]},"3":{"line":15,"type":"if","locations":[{"start":{"line":15,"column":8},"end":{"line":15,"column":8}},{"start":{"line":15,"column":8},"end":{"line":15,"column":8}}]},"4":{"line":18,"type":"if","locations":[{"start":{"line":18,"column":8},"end":{"line":18,"column":8}},{"start":{"line":18,"column":8},"end":{"line":18,"column":8}}]}}},"contracts/SafeMath.sol":{"l":{"6":266,"7":266,"10":321,"11":316,"14":173,"15":173,"18":3,"19":3},"path":"/var/www/html/MyBitToken/NewToken/contracts/SafeMath.sol","s":{"1":266,"2":266,"3":321,"4":316,"5":173,"6":173,"7":3,"8":3},"b":{"1":[266,0],"2":[316,5],"3":[173,0],"4":[3,0]},"f":{"1":266,"2":321,"3":173,"4":3},"fnMap":{"1":{"name":"add","line":5,"loc":{"start":{"line":5,"column":4},"end":{"line":5,"column":61}}},"2":{"name":"sub","line":9,"loc":{"start":{"line":9,"column":4},"end":{"line":9,"column":61}}},"3":{"name":"mul","line":13,"loc":{"start":{"line":13,"column":4},"end":{"line":13,"column":61}}},"4":{"name":"div","line":17,"loc":{"start":{"line":17,"column":4},"end":{"line":17,"column":61}}}},"statementMap":{"1":{"start":{"line":6,"column":8},"end":{"line":6,"column":16}},"2":{"start":{"line":7,"column":8},"end":{"line":7,"column":22}},"3":{"start":{"line":10,"column":8},"end":{"line":10,"column":22}},"4":{"start":{"line":11,"column":8},"end":{"line":11,"column":16}},"5":{"start":{"line":14,"column":8},"end":{"line":14,"column":16}},"6":{"start":{"line":15,"column":8},"end":{"line":15,"column":36}},"7":{"start":{"line":18,"column":8},"end":{"line":18,"column":21}},"8":{"start":{"line":19,"column":8},"end":{"line":19,"column":16}}},"branchMap":{"1":{"line":7,"type":"if","locations":[{"start":{"line":7,"column":8},"end":{"line":7,"column":8}},{"start":{"line":7,"column":8},"end":{"line":7,"column":8}}]},"2":{"line":10,"type":"if","locations":[{"start":{"line":10,"column":8},"end":{"line":10,"column":8}},{"start":{"line":10,"column":8},"end":{"line":10,"column":8}}]},"3":{"line":15,"type":"if","locations":[{"start":{"line":15,"column":8},"end":{"line":15,"column":8}},{"start":{"line":15,"column":8},"end":{"line":15,"column":8}}]},"4":{"line":18,"type":"if","locations":[{"start":{"line":18,"column":8},"end":{"line":18,"column":8}},{"start":{"line":18,"column":8},"end":{"line":18,"column":8}}]}}},"contracts/TokenSwap.sol":{"l":{"31":2,"35":1,"36":1,"94":2,"95":2,"96":2,"97":2,"106":1,"107":1,"108":1,"109":1,"110":1,"121":86,"122":85,"123":85,"124":85,"125":85,"126":85,"127":85,"140":87,"141":86},"path":"/var/www/html/MyBitToken/NewToken/contracts/TokenSwap.sol","s":{"1":2,"2":1,"3":2,"4":2,"5":2,"6":1,"7":1,"8":1,"9":1,"10":1,"11":86,"12":85,"13":85,"14":85,"15":85,"16":85,"17":85,"18":87},"b":{"1":[1,0],"2":[2,0],"3":[1,0],"4":[1,0],"5":[1,0],"6":[1,0],"7":[85,1],"8":[85,0],"9":[85,0],"10":[86,1]},"f":{"1":2,"2":1,"3":2,"4":1,"5":86,"6":87},"fnMap":{"1":{"name":"Owned","line":30,"loc":{"start":{"line":30,"column":4},"end":{"line":30,"column":25}}},"2":{"name":"onlyOwner","line":34,"loc":{"start":{"line":34,"column":4},"end":{"line":34,"column":20}}},"3":{"name":"TokenSwap","line":92,"loc":{"start":{"line":92,"column":2},"end":{"line":93,"column":10}}},"4":{"name":"sanityCheck","line":103,"loc":{"start":{"line":103,"column":2},"end":{"line":105,"column":13}}},"5":{"name":"swap","line":117,"loc":{"start":{"line":117,"column":2},"end":{"line":120,"column":17}}},"6":{"name":"whenReady","line":139,"loc":{"start":{"line":139,"column":2},"end":{"line":139,"column":20}}}},"statementMap":{"1":{"start":{"line":31,"column":8},"end":{"line":31,"column":25}},"2":{"start":{"line":35,"column":8},"end":{"line":35,"column":35}},"3":{"start":{"line":94,"column":4},"end":{"line":94,"column":63}},"4":{"start":{"line":95,"column":4},"end":{"line":95,"column":37}},"5":{"start":{"line":96,"column":4},"end":{"line":96,"column":56}},"6":{"start":{"line":106,"column":4},"end":{"line":106,"column":27}},"7":{"start":{"line":107,"column":4},"end":{"line":107,"column":96}},"8":{"start":{"line":108,"column":4},"end":{"line":108,"column":82}},"9":{"start":{"line":109,"column":4},"end":{"line":109,"column":85}},"10":{"start":{"line":110,"column":4},"end":{"line":110,"column":15}},"11":{"start":{"line":121,"column":4},"end":{"line":121,"column":79}},"12":{"start":{"line":122,"column":4},"end":{"line":122,"column":60}},"13":{"start":{"line":123,"column":4},"end":{"line":123,"column":76}},"14":{"start":{"line":124,"column":4},"end":{"line":124,"column":54}},"15":{"start":{"line":125,"column":4},"end":{"line":125,"column":57}},"16":{"start":{"line":126,"column":4},"end":{"line":126,"column":53}},"17":{"start":{"line":127,"column":4},"end":{"line":127,"column":15}},"18":{"start":{"line":140,"column":4},"end":{"line":140,"column":17}}},"branchMap":{"1":{"line":35,"type":"if","locations":[{"start":{"line":35,"column":8},"end":{"line":35,"column":8}},{"start":{"line":35,"column":8},"end":{"line":35,"column":8}}]},"2":{"line":94,"type":"if","locations":[{"start":{"line":94,"column":4},"end":{"line":94,"column":4}},{"start":{"line":94,"column":4},"end":{"line":94,"column":4}}]},"3":{"line":106,"type":"if","locations":[{"start":{"line":106,"column":4},"end":{"line":106,"column":4}},{"start":{"line":106,"column":4},"end":{"line":106,"column":4}}]},"4":{"line":107,"type":"if","locations":[{"start":{"line":107,"column":4},"end":{"line":107,"column":4}},{"start":{"line":107,"column":4},"end":{"line":107,"column":4}}]},"5":{"line":108,"type":"if","locations":[{"start":{"line":108,"column":4},"end":{"line":108,"column":4}},{"start":{"line":108,"column":4},"end":{"line":108,"column":4}}]},"6":{"line":109,"type":"if","locations":[{"start":{"line":109,"column":4},"end":{"line":109,"column":4}},{"start":{"line":109,"column":4},"end":{"line":109,"column":4}}]},"7":{"line":121,"type":"if","locations":[{"start":{"line":121,"column":4},"end":{"line":121,"column":4}},{"start":{"line":121,"column":4},"end":{"line":121,"column":4}}]},"8":{"line":122,"type":"if","locations":[{"start":{"line":122,"column":4},"end":{"line":122,"column":4}},{"start":{"line":122,"column":4},"end":{"line":122,"column":4}}]},"9":{"line":125,"type":"if","locations":[{"start":{"line":125,"column":4},"end":{"line":125,"column":4}},{"start":{"line":125,"column":4},"end":{"line":125,"column":4}}]},"10":{"line":140,"type":"if","locations":[{"start":{"line":140,"column":4},"end":{"line":140,"column":4}},{"start":{"line":140,"column":4},"end":{"line":140,"column":4}}]}}},"contracts/TokenTest.sol":{"l":{"26":4,"27":4,"28":3,"36":1,"37":1,"38":1,"39":1,"40":1,"41":1,"42":1,"43":1,"53":1,"63":1},"path":"/var/www/html/MyBitToken/NewToken/contracts/TokenTest.sol","s":{"1":4,"2":4,"3":3,"4":1,"5":1,"6":1,"7":1,"8":1,"9":1,"10":1,"11":1,"12":1,"13":1},"b":{"1":[3,1]},"f":{"1":4,"2":1,"3":1,"4":1},"fnMap":{"1":{"name":"burnTokens","line":24,"loc":{"start":{"line":24,"column":4},"end":{"line":25,"column":12}}},"2":{"name":"receiveApproval","line":34,"loc":{"start":{"line":34,"column":4},"end":{"line":35,"column":12}}},"3":{"name":"getCallID","line":49,"loc":{"start":{"line":49,"column":4},"end":{"line":52,"column":23}}},"4":{"name":"stringToData","line":59,"loc":{"start":{"line":59,"column":4},"end":{"line":62,"column":20}}}},"statementMap":{"1":{"start":{"line":26,"column":6},"end":{"line":26,"column":48}},"2":{"start":{"line":27,"column":6},"end":{"line":27,"column":52}},"3":{"start":{"line":28,"column":6},"end":{"line":28,"column":48}},"4":{"start":{"line":36,"column":6},"end":{"line":36,"column":51}},"5":{"start":{"line":37,"column":6},"end":{"line":37,"column":32}},"6":{"start":{"line":38,"column":6},"end":{"line":38,"column":21}},"7":{"start":{"line":39,"column":6},"end":{"line":39,"column":23}},"8":{"start":{"line":40,"column":6},"end":{"line":40,"column":25}},"9":{"start":{"line":41,"column":6},"end":{"line":41,"column":21}},"10":{"start":{"line":42,"column":6},"end":{"line":42,"column":39}},"11":{"start":{"line":43,"column":6},"end":{"line":43,"column":52}},"12":{"start":{"line":53,"column":6},"end":{"line":53,"column":49}},"13":{"start":{"line":63,"column":6},"end":{"line":63,"column":32}}},"branchMap":{"1":{"line":27,"type":"if","locations":[{"start":{"line":27,"column":6},"end":{"line":27,"column":6}},{"start":{"line":27,"column":6},"end":{"line":27,"column":6}}]}}}}