TN:
SF:/var/www/html/MyBitToken/NewToken/contracts/CSToken.sol
FN:4,owned
FN:7,changeOwner
FN:10,onlyowner
FN:28,CSToken
FN:42,transfer
FN:49,mintToken
FN:56,approve
FN:62,approveAndCall
FN:71,transferFrom
FN:82,
FNF:10
FNH:5
FNDA:2,owned
FNDA:0,changeOwner
FNDA:0,onlyowner
FNDA:2,CSToken
FNDA:35,transfer
FNDA:0,mintToken
FNDA:87,approve
FNDA:0,approveAndCall
FNDA:86,transferFrom
FNDA:0,
DA:5,2
DA:8,0
DA:11,0
DA:34,2
DA:35,2
DA:36,2
DA:37,2
DA:38,2
DA:39,2
DA:43,35
DA:44,35
DA:45,35
DA:46,35
DA:47,35
DA:50,0
DA:51,0
DA:52,0
DA:53,0
DA:58,87
DA:59,87
DA:64,0
DA:65,0
DA:66,0
DA:67,0
DA:72,86
DA:73,85
DA:74,85
DA:75,85
DA:76,85
DA:77,85
DA:78,85
DA:79,85
DA:83,0
LF:33
LH:22
BRDA:11,1,0,0
BRDA:11,1,1,0
BRDA:43,2,0,0
BRDA:43,2,1,35
BRDA:44,3,0,0
BRDA:44,3,1,35
BRDA:65,4,0,0
BRDA:65,4,1,0
BRDA:72,5,0,1
BRDA:72,5,1,85
BRDA:73,6,0,0
BRDA:73,6,1,85
BRDA:74,7,0,0
BRDA:74,7,1,85
BRF:14
BRH:6
end_of_record
TN:
SF:/var/www/html/MyBitToken/NewToken/contracts/ERC20.sol
FN:44,ERC20
FN:58,transfer
FN:72,transferFrom
FN:87,approve
FN:100,approveAndCall
FN:113,burn
FN:127,burnFrom
FN:141,totalSupply
FN:151,balanceOf
FN:161,allowance
FN:173,
FNF:11
FNH:11
FNDA:2,ERC20
FNDA:94,transfer
FNDA:7,transferFrom
FNDA:5,approve
FNDA:1,approveAndCall
FNDA:104,burn
FNDA:4,burnFrom
FNDA:118,totalSupply
FNDA:261,balanceOf
FNDA:6,allowance
FNDA:1,
DA:46,2
DA:47,2
DA:48,2
DA:49,2
DA:50,2
DA:61,94
DA:62,93
DA:63,92
DA:64,92
DA:65,92
DA:75,7
DA:76,6
DA:77,5
DA:78,4
DA:79,4
DA:80,4
DA:90,5
DA:91,5
DA:92,5
DA:103,1
DA:104,1
DA:105,1
DA:106,1
DA:116,104
DA:117,103
DA:118,103
DA:119,103
DA:120,103
DA:130,4
DA:131,3
DA:132,3
DA:133,3
DA:134,3
DA:135,3
DA:145,118
DA:155,261
DA:165,6
DA:176,1
LF:38
LH:38
BRDA:61,1,0,93
BRDA:61,1,1,1
BRDA:75,2,0,6
BRDA:75,2,1,1
BRF:4
BRH:4
end_of_record
TN:
SF:/var/www/html/MyBitToken/NewToken/contracts/ERC20Interface.sol
FNF:0
FNH:0
LF:0
LH:0
BRF:0
BRH:0
end_of_record
TN:
SF:/var/www/html/MyBitToken/NewToken/contracts/Math.sol
FN:5,add
FN:9,sub
FN:13,mul
FN:17,div
FNF:4
FNH:2
FNDA:1,add
FNDA:1,sub
FNDA:0,mul
FNDA:0,div
DA:6,1
DA:7,1
DA:10,1
DA:11,1
DA:14,0
DA:15,0
DA:18,0
DA:19,0
LF:8
LH:4
BRDA:7,1,0,1
BRDA:7,1,1,0
BRDA:10,2,0,1
BRDA:10,2,1,0
BRDA:15,3,0,0
BRDA:15,3,1,0
BRDA:18,4,0,0
BRDA:18,4,1,0
BRF:8
BRH:2
end_of_record
TN:
SF:/var/www/html/MyBitToken/NewToken/contracts/SafeMath.sol
FN:5,add
FN:9,sub
FN:13,mul
FN:17,div
FNF:4
FNH:4
FNDA:266,add
FNDA:321,sub
FNDA:173,mul
FNDA:3,div
DA:6,266
DA:7,266
DA:10,321
DA:11,316
DA:14,173
DA:15,173
DA:18,3
DA:19,3
LF:8
LH:8
BRDA:7,1,0,266
BRDA:7,1,1,0
BRDA:10,2,0,316
BRDA:10,2,1,5
BRDA:15,3,0,173
BRDA:15,3,1,0
BRDA:18,4,0,3
BRDA:18,4,1,0
BRF:8
BRH:5
end_of_record
TN:
SF:/var/www/html/MyBitToken/NewToken/contracts/TokenSwap.sol
FN:30,Owned
FN:34,onlyOwner
FN:92,TokenSwap
FN:103,sanityCheck
FN:117,swap
FN:139,whenReady
FNF:6
FNH:6
FNDA:2,Owned
FNDA:1,onlyOwner
FNDA:2,TokenSwap
FNDA:1,sanityCheck
FNDA:86,swap
FNDA:87,whenReady
DA:31,2
DA:35,1
DA:36,1
DA:94,2
DA:95,2
DA:96,2
DA:97,2
DA:106,1
DA:107,1
DA:108,1
DA:109,1
DA:110,1
DA:121,86
DA:122,85
DA:123,85
DA:124,85
DA:125,85
DA:126,85
DA:127,85
DA:140,87
DA:141,86
LF:21
LH:21
BRDA:35,1,0,1
BRDA:35,1,1,0
BRDA:94,2,0,2
BRDA:94,2,1,0
BRDA:106,3,0,1
BRDA:106,3,1,0
BRDA:107,4,0,1
BRDA:107,4,1,0
BRDA:108,5,0,1
BRDA:108,5,1,0
BRDA:109,6,0,1
BRDA:109,6,1,0
BRDA:121,7,0,85
BRDA:121,7,1,1
BRDA:122,8,0,85
BRDA:122,8,1,0
BRDA:125,9,0,85
BRDA:125,9,1,0
BRDA:140,10,0,86
BRDA:140,10,1,1
BRF:20
BRH:12
end_of_record
TN:
SF:/var/www/html/MyBitToken/NewToken/contracts/TokenTest.sol
FN:24,burnTokens
FN:34,receiveApproval
FN:49,getCallID
FN:59,stringToData
FNF:4
FNH:4
FNDA:4,burnTokens
FNDA:1,receiveApproval
FNDA:1,getCallID
FNDA:1,stringToData
DA:26,4
DA:27,4
DA:28,3
DA:36,1
DA:37,1
DA:38,1
DA:39,1
DA:40,1
DA:41,1
DA:42,1
DA:43,1
DA:53,1
DA:63,1
LF:13
LH:13
BRDA:27,1,0,3
BRDA:27,1,1,1
BRF:2
BRH:2
end_of_record
