TN:
SF:/var/www/html/MyBitToken/TokenSwap/contracts/CSToken.sol
FN:4,owned
FN:7,changeOwner
FN:10,onlyowner
FN:28,CSToken
FN:42,transfer
FN:49,mintToken
FN:56,approve
FN:62,approveAndCall
FN:71,transferFrom
FN:82,
FNF:10
FNH:8
FNDA:5,owned
FNDA:0,changeOwner
FNDA:2,onlyowner
FNDA:5,CSToken
FNDA:172,transfer
FNDA:2,mintToken
FNDA:150,approve
FNDA:86,approveAndCall
FNDA:151,transferFrom
FNDA:0,
DA:5,5
DA:8,0
DA:11,2
DA:34,5
DA:35,5
DA:36,5
DA:37,5
DA:38,5
DA:39,5
DA:43,172
DA:44,172
DA:45,172
DA:46,172
DA:47,172
DA:50,2
DA:51,2
DA:52,2
DA:53,2
DA:58,150
DA:59,150
DA:64,86
DA:65,86
DA:66,86
DA:67,85
DA:72,151
DA:73,149
DA:74,149
DA:75,147
DA:76,147
DA:77,147
DA:78,147
DA:79,147
DA:83,0
LF:33
LH:31
BRDA:11,1,0,2
BRDA:11,1,1,0
BRDA:43,2,0,0
BRDA:43,2,1,172
BRDA:44,3,0,0
BRDA:44,3,1,172
BRDA:65,4,0,86
BRDA:65,4,1,0
BRDA:72,5,0,2
BRDA:72,5,1,149
BRDA:73,6,0,0
BRDA:73,6,1,149
BRDA:74,7,0,2
BRDA:74,7,1,147
BRF:14
BRH:9
end_of_record
TN:
SF:/var/www/html/MyBitToken/TokenSwap/contracts/ERC20.sol
FN:43,
FN:58,transfer
FN:72,transferFrom
FN:87,approve
FN:100,approveAndCall
FN:113,burn
FN:127,burnFrom
FN:141,totalSupply
FN:151,balanceOf
FN:161,allowance
FN:173,
FNF:11
FNH:11
FNDA:3,
FNDA:164,transfer
FNDA:14,transferFrom
FNDA:10,approve
FNDA:2,approveAndCall
FNDA:47,burn
FNDA:8,burnFrom
FNDA:82,totalSupply
FNDA:345,balanceOf
FNDA:12,allowance
FNDA:2,
DA:45,3
DA:46,3
DA:47,3
DA:48,3
DA:49,3
DA:50,3
DA:61,164
DA:62,162
DA:63,160
DA:64,160
DA:65,160
DA:75,14
DA:76,12
DA:77,10
DA:78,8
DA:79,8
DA:80,8
DA:90,10
DA:91,10
DA:92,10
DA:103,2
DA:104,2
DA:105,2
DA:106,2
DA:116,47
DA:117,47
DA:118,47
DA:119,47
DA:120,47
DA:130,8
DA:131,6
DA:132,6
DA:133,6
DA:134,6
DA:135,6
DA:145,82
DA:155,345
DA:165,12
DA:176,2
LF:39
LH:39
BRDA:61,1,0,162
BRDA:61,1,1,2
BRDA:75,2,0,12
BRDA:75,2,1,2
BRF:4
BRH:4
end_of_record
TN:
SF:/var/www/html/MyBitToken/TokenSwap/contracts/ERC20Interface.sol
FNF:0
FNH:0
LF:0
LH:0
BRF:0
BRH:0
end_of_record
TN:
SF:/var/www/html/MyBitToken/TokenSwap/contracts/SafeMath.sol
FN:14,mul
FN:26,div
FN:36,sub
FN:44,add
FNF:4
FNH:4
FNDA:304,mul
FNDA:4,div
FNDA:298,sub
FNDA:462,add
DA:15,304
DA:16,2
DA:18,302
DA:19,302
DA:20,302
DA:30,4
DA:37,298
DA:38,290
DA:45,462
DA:46,462
DA:47,462
LF:11
LH:11
BRDA:15,1,0,2
BRDA:15,1,1,302
BRDA:19,2,0,302
BRDA:19,2,1,0
BRDA:37,3,0,290
BRDA:37,3,1,8
BRDA:46,4,0,462
BRDA:46,4,1,0
BRF:8
BRH:6
end_of_record
TN:
SF:/var/www/html/MyBitToken/TokenSwap/contracts/TokenSwap.sol
FN:69,
FN:83,swap
FN:100,receiveApproval
FN:129,noMint
FNF:4
FNH:4
FNDA:5,
FNDA:63,swap
FNDA:89,receiveApproval
FNDA:153,noMint
DA:71,5
DA:72,5
DA:73,4
DA:74,3
DA:75,3
DA:76,3
DA:87,63
DA:88,62
DA:89,62
DA:90,62
DA:91,62
DA:92,62
DA:93,62
DA:104,89
DA:105,88
DA:106,85
DA:107,85
DA:108,85
DA:109,85
DA:110,85
DA:111,85
DA:130,153
DA:131,152
LF:23
LH:23
BRDA:73,1,0,3
BRDA:73,1,1,1
BRDA:74,2,0,3
BRDA:74,2,1,0
BRDA:87,3,0,62
BRDA:87,3,1,1
BRDA:89,4,0,62
BRDA:89,4,1,0
BRDA:91,5,0,62
BRDA:91,5,1,0
BRDA:104,6,0,88
BRDA:104,6,1,1
BRDA:105,7,0,85
BRDA:105,7,1,3
BRDA:107,8,0,85
BRDA:107,8,1,0
BRDA:109,9,0,85
BRDA:109,9,1,0
BRDA:130,10,0,152
BRDA:130,10,1,1
BRF:20
BRH:15
end_of_record
TN:
SF:/var/www/html/MyBitToken/TokenSwap/contracts/TokenTest.sol
FN:24,burnTokens
FN:34,receiveApproval
FN:49,getCallID
FN:59,stringToData
FNF:4
FNH:4
FNDA:8,burnTokens
FNDA:2,receiveApproval
FNDA:2,getCallID
FNDA:2,stringToData
DA:26,8
DA:27,8
DA:28,6
DA:36,2
DA:37,2
DA:38,2
DA:39,2
DA:40,2
DA:41,2
DA:42,2
DA:43,2
DA:53,2
DA:63,2
LF:13
LH:13
BRDA:27,1,0,6
BRDA:27,1,1,2
BRF:2
BRH:2
end_of_record
